SF:lib\config\app_config.dart
DA:6,0
DA:18,1
DA:20,1
DA:21,3
DA:22,0
DA:27,1
DA:35,1
DA:40,3
DA:43,0
DA:46,0
DA:49,1
DA:50,1
DA:51,1
DA:53,0
DA:55,0
DA:61,1
DA:62,3
DA:63,3
DA:67,2
DA:70,1
DA:71,1
DA:75,0
DA:76,0
DA:79,0
DA:81,0
DA:83,0
DA:85,0
DA:87,0
DA:89,0
DA:91,0
LF:30
LH:15
end_of_record
SF:lib\config\environment.dart
DA:16,1
DA:18,1
DA:20,1
DA:22,1
DA:28,2
DA:31,2
DA:34,2
LF:7
LH:7
end_of_record
SF:lib\main_dev.dart
DA:4,0
DA:6,0
DA:8,0
DA:12,2
DA:14,1
DA:16,1
DA:17,1
DA:18,1
DA:19,1
DA:31,2
DA:33,1
DA:35,1
DA:36,1
DA:37,2
DA:38,3
DA:40,1
DA:41,1
DA:43,1
DA:46,1
DA:47,2
DA:48,3
DA:51,1
DA:52,4
DA:53,4
DA:54,1
DA:59,2
DA:60,1
DA:62,1
DA:64,1
DA:66,1
DA:76,1
DA:81,1
DA:83,1
DA:85,1
DA:86,1
DA:88,1
DA:90,1
DA:91,2
DA:92,2
LF:39
LH:36
end_of_record
SF:lib\main_staging.dart
DA:4,0
DA:6,0
DA:8,0
DA:12,2
DA:14,1
DA:16,1
DA:17,1
DA:18,1
DA:19,1
DA:31,1
DA:33,1
DA:35,1
DA:36,1
DA:37,2
DA:38,3
DA:40,1
DA:41,1
DA:43,1
DA:46,1
DA:47,2
DA:48,3
DA:51,1
DA:52,4
DA:53,4
DA:54,1
DA:59,2
DA:60,1
DA:62,1
DA:64,1
DA:66,1
DA:76,1
DA:81,1
DA:83,1
DA:85,1
DA:86,1
DA:88,1
DA:90,1
DA:91,2
DA:92,2
LF:39
LH:36
end_of_record
SF:lib\main_prod.dart
DA:4,0
DA:6,0
DA:8,0
DA:12,2
DA:14,1
DA:16,1
DA:17,1
DA:18,1
DA:19,1
DA:31,1
DA:33,1
DA:35,1
DA:36,1
DA:37,2
DA:38,3
DA:40,1
DA:41,1
DA:43,1
DA:46,1
DA:47,2
DA:48,3
DA:51,1
DA:52,4
DA:53,4
DA:54,1
DA:59,2
DA:60,1
DA:62,1
DA:64,1
DA:66,1
DA:76,1
DA:81,1
DA:83,1
DA:85,1
DA:86,1
DA:88,1
DA:90,1
DA:91,2
DA:92,2
LF:39
LH:36
end_of_record
